{"C:\\Users\\2241581\\OneDrive - Cognizant\\Desktop\\react-task-updated\\react_tasks\\src\\App.js": {"path":"C:\\Users\\2241581\\OneDrive - Cognizant\\Desktop\\react-task-updated\\react_tasks\\src\\App.js","statementMap":{"0":{"start":{"line":11,"column":2},"end":{"line":33,"column":4}}},"fnMap":{"0":{"name":"App","decl":{"start":{"line":10,"column":9},"end":{"line":10,"column":12}},"loc":{"start":{"line":10,"column":15},"end":{"line":34,"column":1}},"line":10}},"branchMap":{},"s":{"0":0},"f":{"0":0},"b":{}}
,"C:\\Users\\2241581\\OneDrive - Cognizant\\Desktop\\react-task-updated\\react_tasks\\src\\Navbar.js": {"path":"C:\\Users\\2241581\\OneDrive - Cognizant\\Desktop\\react-task-updated\\react_tasks\\src\\Navbar.js","statementMap":{"0":{"start":{"line":16,"column":15},"end":{"line":70,"column":1}},"1":{"start":{"line":17,"column":22},"end":{"line":17,"column":26}},"2":{"start":{"line":24,"column":2},"end":{"line":69,"column":4}}},"fnMap":{"0":{"name":"(anonymous_0)","decl":{"start":{"line":16,"column":15},"end":{"line":16,"column":16}},"loc":{"start":{"line":16,"column":21},"end":{"line":70,"column":1}},"line":16}},"branchMap":{},"s":{"0":0,"1":0,"2":0},"f":{"0":0},"b":{}}
,"C:\\Users\\2241581\\OneDrive - Cognizant\\Desktop\\react-task-updated\\react_tasks\\src\\index.js": {"path":"C:\\Users\\2241581\\OneDrive - Cognizant\\Desktop\\react-task-updated\\react_tasks\\src\\index.js","statementMap":{"0":{"start":{"line":6,"column":13},"end":{"line":6,"column":65}},"1":{"start":{"line":7,"column":0},"end":{"line":11,"column":2}}},"fnMap":{},"branchMap":{},"s":{"0":0,"1":0},"f":{},"b":{}}
,"C:\\Users\\2241581\\OneDrive - Cognizant\\Desktop\\react-task-updated\\react_tasks\\src\\agGrid\\AgGrid.js": {"path":"C:\\Users\\2241581\\OneDrive - Cognizant\\Desktop\\react-task-updated\\react_tasks\\src\\agGrid\\AgGrid.js","statementMap":{"0":{"start":{"line":7,"column":15},"end":{"line":44,"column":1}},"1":{"start":{"line":8,"column":32},"end":{"line":12,"column":4}},"2":{"start":{"line":14,"column":21},"end":{"line":18,"column":3}},"3":{"start":{"line":20,"column":2},"end":{"line":24,"column":9}},"4":{"start":{"line":21,"column":4},"end":{"line":23,"column":46}},"5":{"start":{"line":22,"column":24},"end":{"line":22,"column":37}},"6":{"start":{"line":23,"column":25},"end":{"line":23,"column":44}},"7":{"start":{"line":26,"column":24},"end":{"line":29,"column":3}},"8":{"start":{"line":31,"column":2},"end":{"line":43,"column":4}}},"fnMap":{"0":{"name":"(anonymous_0)","decl":{"start":{"line":7,"column":15},"end":{"line":7,"column":16}},"loc":{"start":{"line":7,"column":21},"end":{"line":44,"column":1}},"line":7},"1":{"name":"(anonymous_1)","decl":{"start":{"line":20,"column":12},"end":{"line":20,"column":13}},"loc":{"start":{"line":20,"column":18},"end":{"line":24,"column":3}},"line":20},"2":{"name":"(anonymous_2)","decl":{"start":{"line":22,"column":12},"end":{"line":22,"column":13}},"loc":{"start":{"line":22,"column":24},"end":{"line":22,"column":37}},"line":22},"3":{"name":"(anonymous_3)","decl":{"start":{"line":23,"column":12},"end":{"line":23,"column":13}},"loc":{"start":{"line":23,"column":25},"end":{"line":23,"column":44}},"line":23}},"branchMap":{},"s":{"0":0,"1":0,"2":0,"3":0,"4":0,"5":0,"6":0,"7":0,"8":0},"f":{"0":0,"1":0,"2":0,"3":0},"b":{}}
,"C:\\Users\\2241581\\OneDrive - Cognizant\\Desktop\\react-task-updated\\react_tasks\\src\\agGrid\\AgGridMenu.js": {"path":"C:\\Users\\2241581\\OneDrive - Cognizant\\Desktop\\react-task-updated\\react_tasks\\src\\agGrid\\AgGridMenu.js","statementMap":{"0":{"start":{"line":8,"column":19},"end":{"line":41,"column":1}},"1":{"start":{"line":9,"column":19},"end":{"line":9,"column":32}},"2":{"start":{"line":11,"column":26},"end":{"line":13,"column":3}},"3":{"start":{"line":12,"column":4},"end":{"line":12,"column":18}},"4":{"start":{"line":15,"column":2},"end":{"line":40,"column":4}},"5":{"start":{"line":44,"column":2},"end":{"line":53,"column":4}}},"fnMap":{"0":{"name":"(anonymous_0)","decl":{"start":{"line":8,"column":19},"end":{"line":8,"column":20}},"loc":{"start":{"line":8,"column":25},"end":{"line":41,"column":1}},"line":8},"1":{"name":"(anonymous_1)","decl":{"start":{"line":11,"column":26},"end":{"line":11,"column":27}},"loc":{"start":{"line":11,"column":39},"end":{"line":13,"column":3}},"line":11},"2":{"name":"Content","decl":{"start":{"line":43,"column":9},"end":{"line":43,"column":16}},"loc":{"start":{"line":43,"column":19},"end":{"line":54,"column":1}},"line":43}},"branchMap":{},"s":{"0":0,"1":0,"2":0,"3":0,"4":0,"5":0},"f":{"0":0,"1":0,"2":0},"b":{}}
,"C:\\Users\\2241581\\OneDrive - Cognizant\\Desktop\\react-task-updated\\react_tasks\\src\\agGrid\\CellRenderer.js": {"path":"C:\\Users\\2241581\\OneDrive - Cognizant\\Desktop\\react-task-updated\\react_tasks\\src\\agGrid\\CellRenderer.js","statementMap":{"0":{"start":{"line":7,"column":17},"end":{"line":15,"column":1}},"1":{"start":{"line":8,"column":26},"end":{"line":8,"column":70}},"2":{"start":{"line":8,"column":44},"end":{"line":8,"column":69}},"3":{"start":{"line":9,"column":2},"end":{"line":14,"column":4}},"4":{"start":{"line":17,"column":17},"end":{"line":25,"column":1}},"5":{"start":{"line":18,"column":26},"end":{"line":18,"column":70}},"6":{"start":{"line":18,"column":44},"end":{"line":18,"column":69}},"7":{"start":{"line":19,"column":2},"end":{"line":24,"column":4}},"8":{"start":{"line":27,"column":21},"end":{"line":85,"column":1}},"9":{"start":{"line":28,"column":32},"end":{"line":28,"column":42}},"10":{"start":{"line":29,"column":21},"end":{"line":58,"column":3}},"11":{"start":{"line":34,"column":8},"end":{"line":37,"column":11}},"12":{"start":{"line":44,"column":8},"end":{"line":46,"column":9}},"13":{"start":{"line":45,"column":10},"end":{"line":45,"column":41}},"14":{"start":{"line":47,"column":8},"end":{"line":49,"column":9}},"15":{"start":{"line":48,"column":10},"end":{"line":48,"column":41}},"16":{"start":{"line":59,"column":24},"end":{"line":65,"column":3}},"17":{"start":{"line":60,"column":11},"end":{"line":63,"column":5}},"18":{"start":{"line":67,"column":2},"end":{"line":71,"column":9}},"19":{"start":{"line":68,"column":4},"end":{"line":70,"column":46}},"20":{"start":{"line":69,"column":24},"end":{"line":69,"column":37}},"21":{"start":{"line":70,"column":25},"end":{"line":70,"column":44}},"22":{"start":{"line":73,"column":2},"end":{"line":84,"column":4}}},"fnMap":{"0":{"name":"(anonymous_0)","decl":{"start":{"line":7,"column":17},"end":{"line":7,"column":18}},"loc":{"start":{"line":7,"column":24},"end":{"line":15,"column":1}},"line":7},"1":{"name":"(anonymous_1)","decl":{"start":{"line":8,"column":38},"end":{"line":8,"column":39}},"loc":{"start":{"line":8,"column":44},"end":{"line":8,"column":69}},"line":8},"2":{"name":"(anonymous_2)","decl":{"start":{"line":17,"column":17},"end":{"line":17,"column":18}},"loc":{"start":{"line":17,"column":24},"end":{"line":25,"column":1}},"line":17},"3":{"name":"(anonymous_3)","decl":{"start":{"line":18,"column":38},"end":{"line":18,"column":39}},"loc":{"start":{"line":18,"column":44},"end":{"line":18,"column":69}},"line":18},"4":{"name":"(anonymous_4)","decl":{"start":{"line":27,"column":21},"end":{"line":27,"column":22}},"loc":{"start":{"line":27,"column":27},"end":{"line":85,"column":1}},"line":27},"5":{"name":"(anonymous_5)","decl":{"start":{"line":33,"column":20},"end":{"line":33,"column":21}},"loc":{"start":{"line":34,"column":8},"end":{"line":37,"column":11}},"line":34},"6":{"name":"(anonymous_6)","decl":{"start":{"line":43,"column":28},"end":{"line":43,"column":29}},"loc":{"start":{"line":43,"column":35},"end":{"line":50,"column":7}},"line":43},"7":{"name":"(anonymous_7)","decl":{"start":{"line":60,"column":4},"end":{"line":60,"column":5}},"loc":{"start":{"line":60,"column":11},"end":{"line":63,"column":5}},"line":60},"8":{"name":"(anonymous_8)","decl":{"start":{"line":67,"column":12},"end":{"line":67,"column":13}},"loc":{"start":{"line":67,"column":18},"end":{"line":71,"column":3}},"line":67},"9":{"name":"(anonymous_9)","decl":{"start":{"line":69,"column":12},"end":{"line":69,"column":13}},"loc":{"start":{"line":69,"column":24},"end":{"line":69,"column":37}},"line":69},"10":{"name":"(anonymous_10)","decl":{"start":{"line":70,"column":12},"end":{"line":70,"column":13}},"loc":{"start":{"line":70,"column":25},"end":{"line":70,"column":44}},"line":70}},"branchMap":{"0":{"loc":{"start":{"line":44,"column":8},"end":{"line":46,"column":9}},"type":"if","locations":[{"start":{"line":44,"column":8},"end":{"line":46,"column":9}},{"start":{},"end":{}}],"line":44},"1":{"loc":{"start":{"line":47,"column":8},"end":{"line":49,"column":9}},"type":"if","locations":[{"start":{"line":47,"column":8},"end":{"line":49,"column":9}},{"start":{},"end":{}}],"line":47}},"s":{"0":0,"1":0,"2":0,"3":0,"4":0,"5":0,"6":0,"7":0,"8":0,"9":0,"10":0,"11":0,"12":0,"13":0,"14":0,"15":0,"16":0,"17":0,"18":0,"19":0,"20":0,"21":0,"22":0},"f":{"0":0,"1":0,"2":0,"3":0,"4":0,"5":0,"6":0,"7":0,"8":0,"9":0,"10":0},"b":{"0":[0,0],"1":[0,0]}}
,"C:\\Users\\2241581\\OneDrive - Cognizant\\Desktop\\react-task-updated\\react_tasks\\src\\agGrid\\ExportData.js": {"path":"C:\\Users\\2241581\\OneDrive - Cognizant\\Desktop\\react-task-updated\\react_tasks\\src\\agGrid\\ExportData.js","statementMap":{"0":{"start":{"line":6,"column":19},"end":{"line":46,"column":1}},"1":{"start":{"line":7,"column":18},"end":{"line":11,"column":3}},"2":{"start":{"line":13,"column":21},"end":{"line":17,"column":3}},"3":{"start":{"line":19,"column":24},"end":{"line":22,"column":5}},"4":{"start":{"line":19,"column":39},"end":{"line":22,"column":3}},"5":{"start":{"line":25,"column":22},"end":{"line":27,"column":3}},"6":{"start":{"line":26,"column":4},"end":{"line":26,"column":25}},"7":{"start":{"line":29,"column":24},"end":{"line":31,"column":3}},"8":{"start":{"line":30,"column":4},"end":{"line":30,"column":30}},"9":{"start":{"line":33,"column":2},"end":{"line":45,"column":4}},"10":{"start":{"line":35,"column":29},"end":{"line":35,"column":44}}},"fnMap":{"0":{"name":"(anonymous_0)","decl":{"start":{"line":6,"column":19},"end":{"line":6,"column":20}},"loc":{"start":{"line":6,"column":25},"end":{"line":46,"column":1}},"line":6},"1":{"name":"(anonymous_1)","decl":{"start":{"line":19,"column":32},"end":{"line":19,"column":33}},"loc":{"start":{"line":19,"column":39},"end":{"line":22,"column":3}},"line":19},"2":{"name":"(anonymous_2)","decl":{"start":{"line":25,"column":22},"end":{"line":25,"column":23}},"loc":{"start":{"line":25,"column":34},"end":{"line":27,"column":3}},"line":25},"3":{"name":"(anonymous_3)","decl":{"start":{"line":29,"column":24},"end":{"line":29,"column":25}},"loc":{"start":{"line":29,"column":30},"end":{"line":31,"column":3}},"line":29},"4":{"name":"(anonymous_4)","decl":{"start":{"line":35,"column":23},"end":{"line":35,"column":24}},"loc":{"start":{"line":35,"column":29},"end":{"line":35,"column":44}},"line":35}},"branchMap":{},"s":{"0":0,"1":0,"2":0,"3":0,"4":0,"5":0,"6":0,"7":0,"8":0,"9":0,"10":0},"f":{"0":0,"1":0,"2":0,"3":0,"4":0},"b":{}}
,"C:\\Users\\2241581\\OneDrive - Cognizant\\Desktop\\react-task-updated\\react_tasks\\src\\agGrid\\RowGrouping.js": {"path":"C:\\Users\\2241581\\OneDrive - Cognizant\\Desktop\\react-task-updated\\react_tasks\\src\\agGrid\\RowGrouping.js","statementMap":{"0":{"start":{"line":7,"column":21},"end":{"line":37,"column":1}},"1":{"start":{"line":8,"column":32},"end":{"line":8,"column":42}},"2":{"start":{"line":9,"column":21},"end":{"line":20,"column":3}},"3":{"start":{"line":22,"column":2},"end":{"line":26,"column":9}},"4":{"start":{"line":23,"column":4},"end":{"line":25,"column":46}},"5":{"start":{"line":24,"column":24},"end":{"line":24,"column":37}},"6":{"start":{"line":25,"column":25},"end":{"line":25,"column":44}},"7":{"start":{"line":28,"column":2},"end":{"line":36,"column":4}}},"fnMap":{"0":{"name":"(anonymous_0)","decl":{"start":{"line":7,"column":21},"end":{"line":7,"column":22}},"loc":{"start":{"line":7,"column":27},"end":{"line":37,"column":1}},"line":7},"1":{"name":"(anonymous_1)","decl":{"start":{"line":22,"column":12},"end":{"line":22,"column":13}},"loc":{"start":{"line":22,"column":18},"end":{"line":26,"column":3}},"line":22},"2":{"name":"(anonymous_2)","decl":{"start":{"line":24,"column":12},"end":{"line":24,"column":13}},"loc":{"start":{"line":24,"column":24},"end":{"line":24,"column":37}},"line":24},"3":{"name":"(anonymous_3)","decl":{"start":{"line":25,"column":12},"end":{"line":25,"column":13}},"loc":{"start":{"line":25,"column":25},"end":{"line":25,"column":44}},"line":25}},"branchMap":{},"s":{"0":0,"1":0,"2":0,"3":0,"4":0,"5":0,"6":0,"7":0},"f":{"0":0,"1":0,"2":0,"3":0},"b":{}}
,"C:\\Users\\2241581\\OneDrive - Cognizant\\Desktop\\react-task-updated\\react_tasks\\src\\antd\\AntdComponents.js": {"path":"C:\\Users\\2241581\\OneDrive - Cognizant\\Desktop\\react-task-updated\\react_tasks\\src\\antd\\AntdComponents.js","statementMap":{"0":{"start":{"line":10,"column":23},"end":{"line":51,"column":1}},"1":{"start":{"line":11,"column":19},"end":{"line":11,"column":32}},"2":{"start":{"line":13,"column":26},"end":{"line":15,"column":3}},"3":{"start":{"line":14,"column":4},"end":{"line":14,"column":18}},"4":{"start":{"line":17,"column":2},"end":{"line":50,"column":4}},"5":{"start":{"line":54,"column":2},"end":{"line":68,"column":4}}},"fnMap":{"0":{"name":"(anonymous_0)","decl":{"start":{"line":10,"column":23},"end":{"line":10,"column":24}},"loc":{"start":{"line":10,"column":29},"end":{"line":51,"column":1}},"line":10},"1":{"name":"(anonymous_1)","decl":{"start":{"line":13,"column":26},"end":{"line":13,"column":27}},"loc":{"start":{"line":13,"column":39},"end":{"line":15,"column":3}},"line":13},"2":{"name":"Content","decl":{"start":{"line":53,"column":9},"end":{"line":53,"column":16}},"loc":{"start":{"line":53,"column":19},"end":{"line":69,"column":1}},"line":53}},"branchMap":{},"s":{"0":0,"1":0,"2":0,"3":0,"4":0,"5":0},"f":{"0":0,"1":0,"2":0},"b":{}}
,"C:\\Users\\2241581\\OneDrive - Cognizant\\Desktop\\react-task-updated\\react_tasks\\src\\antd\\AntdDynamicForm.js": {"path":"C:\\Users\\2241581\\OneDrive - Cognizant\\Desktop\\react-task-updated\\react_tasks\\src\\antd\\AntdDynamicForm.js","statementMap":{"0":{"start":{"line":5,"column":24},"end":{"line":103,"column":1}},"1":{"start":{"line":6,"column":34},"end":{"line":6,"column":49}},"2":{"start":{"line":7,"column":38},"end":{"line":7,"column":50}},"3":{"start":{"line":8,"column":48},"end":{"line":13,"column":4}},"4":{"start":{"line":15,"column":18},"end":{"line":26,"column":3}},"5":{"start":{"line":28,"column":23},"end":{"line":31,"column":3}},"6":{"start":{"line":29,"column":4},"end":{"line":29,"column":22}},"7":{"start":{"line":30,"column":4},"end":{"line":30,"column":35}},"8":{"start":{"line":33,"column":23},"end":{"line":37,"column":3}},"9":{"start":{"line":34,"column":28},"end":{"line":34,"column":36}},"10":{"start":{"line":35,"column":4},"end":{"line":35,"column":41}},"11":{"start":{"line":36,"column":4},"end":{"line":36,"column":61}},"12":{"start":{"line":36,"column":33},"end":{"line":36,"column":59}},"13":{"start":{"line":39,"column":2},"end":{"line":102,"column":4}},"14":{"start":{"line":44,"column":12},"end":{"line":89,"column":18}},"15":{"start":{"line":46,"column":16},"end":{"line":75,"column":18}},"16":{"start":{"line":59,"column":26},"end":{"line":59,"column":49}},"17":{"start":{"line":69,"column":26},"end":{"line":69,"column":49}},"18":{"start":{"line":83,"column":20},"end":{"line":83,"column":26}}},"fnMap":{"0":{"name":"(anonymous_0)","decl":{"start":{"line":5,"column":24},"end":{"line":5,"column":25}},"loc":{"start":{"line":5,"column":30},"end":{"line":103,"column":1}},"line":5},"1":{"name":"(anonymous_1)","decl":{"start":{"line":28,"column":23},"end":{"line":28,"column":24}},"loc":{"start":{"line":28,"column":30},"end":{"line":31,"column":3}},"line":28},"2":{"name":"(anonymous_2)","decl":{"start":{"line":33,"column":23},"end":{"line":33,"column":24}},"loc":{"start":{"line":33,"column":37},"end":{"line":37,"column":3}},"line":33},"3":{"name":"(anonymous_3)","decl":{"start":{"line":36,"column":23},"end":{"line":36,"column":24}},"loc":{"start":{"line":36,"column":33},"end":{"line":36,"column":59}},"line":36},"4":{"name":"(anonymous_4)","decl":{"start":{"line":43,"column":11},"end":{"line":43,"column":12}},"loc":{"start":{"line":44,"column":12},"end":{"line":89,"column":18}},"line":44},"5":{"name":"(anonymous_5)","decl":{"start":{"line":45,"column":26},"end":{"line":45,"column":27}},"loc":{"start":{"line":45,"column":44},"end":{"line":76,"column":15}},"line":45},"6":{"name":"(anonymous_6)","decl":{"start":{"line":58,"column":32},"end":{"line":58,"column":33}},"loc":{"start":{"line":58,"column":39},"end":{"line":60,"column":25}},"line":58},"7":{"name":"(anonymous_7)","decl":{"start":{"line":68,"column":32},"end":{"line":68,"column":33}},"loc":{"start":{"line":68,"column":39},"end":{"line":70,"column":25}},"line":68},"8":{"name":"(anonymous_8)","decl":{"start":{"line":82,"column":27},"end":{"line":82,"column":28}},"loc":{"start":{"line":82,"column":33},"end":{"line":84,"column":19}},"line":82}},"branchMap":{"0":{"loc":{"start":{"line":100,"column":7},"end":{"line":100,"column":70}},"type":"binary-expr","locations":[{"start":{"line":100,"column":7},"end":{"line":100,"column":15}},{"start":{"line":100,"column":19},"end":{"line":100,"column":70}}],"line":100}},"s":{"0":0,"1":0,"2":0,"3":0,"4":0,"5":0,"6":0,"7":0,"8":0,"9":0,"10":0,"11":0,"12":0,"13":0,"14":0,"15":0,"16":0,"17":0,"18":0},"f":{"0":0,"1":0,"2":0,"3":0,"4":0,"5":0,"6":0,"7":0,"8":0},"b":{"0":[0,0]}}
,"C:\\Users\\2241581\\OneDrive - Cognizant\\Desktop\\react-task-updated\\react_tasks\\src\\antd\\AntdFileUpload.js": {"path":"C:\\Users\\2241581\\OneDrive - Cognizant\\Desktop\\react-task-updated\\react_tasks\\src\\antd\\AntdFileUpload.js","statementMap":{"0":{"start":{"line":3,"column":23},"end":{"line":27,"column":1}},"1":{"start":{"line":4,"column":2},"end":{"line":26,"column":4}}},"fnMap":{"0":{"name":"(anonymous_0)","decl":{"start":{"line":3,"column":23},"end":{"line":3,"column":24}},"loc":{"start":{"line":3,"column":29},"end":{"line":27,"column":1}},"line":3}},"branchMap":{},"s":{"0":0,"1":0},"f":{"0":0},"b":{}}
,"C:\\Users\\2241581\\OneDrive - Cognizant\\Desktop\\react-task-updated\\react_tasks\\src\\antd\\AntdFormValidation.js": {"path":"C:\\Users\\2241581\\OneDrive - Cognizant\\Desktop\\react-task-updated\\react_tasks\\src\\antd\\AntdFormValidation.js","statementMap":{"0":{"start":{"line":3,"column":27},"end":{"line":152,"column":1}},"1":{"start":{"line":4,"column":2},"end":{"line":151,"column":4}},"2":{"start":{"line":65,"column":36},"end":{"line":72,"column":13}},"3":{"start":{"line":67,"column":16},"end":{"line":69,"column":17}},"4":{"start":{"line":68,"column":18},"end":{"line":68,"column":43}},"5":{"start":{"line":70,"column":16},"end":{"line":70,"column":72}},"6":{"start":{"line":125,"column":16},"end":{"line":129,"column":21}}},"fnMap":{"0":{"name":"(anonymous_0)","decl":{"start":{"line":3,"column":27},"end":{"line":3,"column":28}},"loc":{"start":{"line":3,"column":33},"end":{"line":152,"column":1}},"line":3},"1":{"name":"(anonymous_1)","decl":{"start":{"line":65,"column":12},"end":{"line":65,"column":13}},"loc":{"start":{"line":65,"column":36},"end":{"line":72,"column":13}},"line":65},"2":{"name":"(anonymous_2)","decl":{"start":{"line":66,"column":14},"end":{"line":66,"column":15}},"loc":{"start":{"line":66,"column":34},"end":{"line":71,"column":15}},"line":66},"3":{"name":"(anonymous_3)","decl":{"start":{"line":124,"column":25},"end":{"line":124,"column":26}},"loc":{"start":{"line":125,"column":16},"end":{"line":129,"column":21}},"line":125}},"branchMap":{"0":{"loc":{"start":{"line":67,"column":16},"end":{"line":69,"column":17}},"type":"if","locations":[{"start":{"line":67,"column":16},"end":{"line":69,"column":17}},{"start":{},"end":{}}],"line":67},"1":{"loc":{"start":{"line":67,"column":20},"end":{"line":67,"column":65}},"type":"binary-expr","locations":[{"start":{"line":67,"column":20},"end":{"line":67,"column":26}},{"start":{"line":67,"column":30},"end":{"line":67,"column":65}}],"line":67},"2":{"loc":{"start":{"line":125,"column":16},"end":{"line":129,"column":21}},"type":"cond-expr","locations":[{"start":{"line":126,"column":20},"end":{"line":126,"column":37}},{"start":{"line":127,"column":20},"end":{"line":129,"column":21}}],"line":125}},"s":{"0":0,"1":0,"2":0,"3":0,"4":0,"5":0,"6":0},"f":{"0":0,"1":0,"2":0,"3":0},"b":{"0":[0,0],"1":[0,0],"2":[0,0]}}
,"C:\\Users\\2241581\\OneDrive - Cognizant\\Desktop\\react-task-updated\\react_tasks\\src\\antd\\AntdTable.js": {"path":"C:\\Users\\2241581\\OneDrive - Cognizant\\Desktop\\react-task-updated\\react_tasks\\src\\antd\\AntdTable.js","statementMap":{"0":{"start":{"line":6,"column":18},"end":{"line":206,"column":1}},"1":{"start":{"line":7,"column":36},"end":{"line":7,"column":51}},"2":{"start":{"line":8,"column":34},"end":{"line":8,"column":49}},"3":{"start":{"line":9,"column":48},"end":{"line":9,"column":62}},"4":{"start":{"line":10,"column":46},"end":{"line":10,"column":60}},"5":{"start":{"line":11,"column":38},"end":{"line":32,"column":4}},"6":{"start":{"line":34,"column":18},"end":{"line":72,"column":3}},"7":{"start":{"line":54,"column":8},"end":{"line":69,"column":10}},"8":{"start":{"line":58,"column":16},"end":{"line":58,"column":43}},"9":{"start":{"line":64,"column":16},"end":{"line":64,"column":45}},"10":{"start":{"line":74,"column":28},"end":{"line":76,"column":3}},"11":{"start":{"line":75,"column":4},"end":{"line":75,"column":22}},"12":{"start":{"line":78,"column":22},"end":{"line":81,"column":3}},"13":{"start":{"line":79,"column":4},"end":{"line":79,"column":23}},"14":{"start":{"line":80,"column":4},"end":{"line":80,"column":28}},"15":{"start":{"line":83,"column":31},"end":{"line":92,"column":3}},"16":{"start":{"line":84,"column":4},"end":{"line":91,"column":7}},"17":{"start":{"line":87,"column":8},"end":{"line":89,"column":11}},"18":{"start":{"line":88,"column":10},"end":{"line":88,"column":60}},"19":{"start":{"line":88,"column":38},"end":{"line":88,"column":58}},"20":{"start":{"line":94,"column":29},"end":{"line":97,"column":3}},"21":{"start":{"line":95,"column":4},"end":{"line":95,"column":23}},"22":{"start":{"line":96,"column":4},"end":{"line":96,"column":38}},"23":{"start":{"line":99,"column":23},"end":{"line":102,"column":3}},"24":{"start":{"line":100,"column":4},"end":{"line":100,"column":24}},"25":{"start":{"line":101,"column":4},"end":{"line":101,"column":29}},"26":{"start":{"line":104,"column":2},"end":{"line":205,"column":4}},"27":{"start":{"line":127,"column":10},"end":{"line":127,"column":25}},"28":{"start":{"line":130,"column":10},"end":{"line":138,"column":13}},"29":{"start":{"line":131,"column":12},"end":{"line":137,"column":15}},"30":{"start":{"line":132,"column":14},"end":{"line":136,"column":15}},"31":{"start":{"line":133,"column":16},"end":{"line":133,"column":39}},"32":{"start":{"line":135,"column":16},"end":{"line":135,"column":32}},"33":{"start":{"line":139,"column":10},"end":{"line":139,"column":25}},"34":{"start":{"line":145,"column":12},"end":{"line":147,"column":15}},"35":{"start":{"line":146,"column":14},"end":{"line":146,"column":55}},"36":{"start":{"line":153,"column":12},"end":{"line":155,"column":15}},"37":{"start":{"line":154,"column":14},"end":{"line":154,"column":56}},"38":{"start":{"line":165,"column":10},"end":{"line":165,"column":24}},"39":{"start":{"line":168,"column":10},"end":{"line":170,"column":13}},"40":{"start":{"line":169,"column":12},"end":{"line":169,"column":45}},"41":{"start":{"line":171,"column":10},"end":{"line":171,"column":24}},"42":{"start":{"line":178,"column":12},"end":{"line":180,"column":15}},"43":{"start":{"line":179,"column":14},"end":{"line":179,"column":53}},"44":{"start":{"line":188,"column":12},"end":{"line":190,"column":15}},"45":{"start":{"line":189,"column":14},"end":{"line":189,"column":55}},"46":{"start":{"line":198,"column":12},"end":{"line":200,"column":15}},"47":{"start":{"line":199,"column":14},"end":{"line":199,"column":56}}},"fnMap":{"0":{"name":"(anonymous_0)","decl":{"start":{"line":6,"column":18},"end":{"line":6,"column":19}},"loc":{"start":{"line":6,"column":24},"end":{"line":206,"column":1}},"line":6},"1":{"name":"(anonymous_1)","decl":{"start":{"line":53,"column":14},"end":{"line":53,"column":15}},"loc":{"start":{"line":53,"column":26},"end":{"line":70,"column":7}},"line":53},"2":{"name":"(anonymous_2)","decl":{"start":{"line":57,"column":23},"end":{"line":57,"column":24}},"loc":{"start":{"line":57,"column":29},"end":{"line":59,"column":15}},"line":57},"3":{"name":"(anonymous_3)","decl":{"start":{"line":63,"column":23},"end":{"line":63,"column":24}},"loc":{"start":{"line":63,"column":29},"end":{"line":65,"column":15}},"line":63},"4":{"name":"(anonymous_4)","decl":{"start":{"line":74,"column":28},"end":{"line":74,"column":29}},"loc":{"start":{"line":74,"column":34},"end":{"line":76,"column":3}},"line":74},"5":{"name":"(anonymous_5)","decl":{"start":{"line":78,"column":22},"end":{"line":78,"column":23}},"loc":{"start":{"line":78,"column":28},"end":{"line":81,"column":3}},"line":78},"6":{"name":"(anonymous_6)","decl":{"start":{"line":83,"column":31},"end":{"line":83,"column":32}},"loc":{"start":{"line":83,"column":43},"end":{"line":92,"column":3}},"line":83},"7":{"name":"(anonymous_7)","decl":{"start":{"line":86,"column":12},"end":{"line":86,"column":13}},"loc":{"start":{"line":86,"column":18},"end":{"line":90,"column":7}},"line":86},"8":{"name":"(anonymous_8)","decl":{"start":{"line":87,"column":22},"end":{"line":87,"column":23}},"loc":{"start":{"line":87,"column":32},"end":{"line":89,"column":9}},"line":87},"9":{"name":"(anonymous_9)","decl":{"start":{"line":88,"column":29},"end":{"line":88,"column":30}},"loc":{"start":{"line":88,"column":38},"end":{"line":88,"column":58}},"line":88},"10":{"name":"(anonymous_10)","decl":{"start":{"line":94,"column":29},"end":{"line":94,"column":30}},"loc":{"start":{"line":94,"column":41},"end":{"line":97,"column":3}},"line":94},"11":{"name":"(anonymous_11)","decl":{"start":{"line":99,"column":23},"end":{"line":99,"column":24}},"loc":{"start":{"line":99,"column":29},"end":{"line":102,"column":3}},"line":99},"12":{"name":"(anonymous_12)","decl":{"start":{"line":126,"column":18},"end":{"line":126,"column":19}},"loc":{"start":{"line":126,"column":24},"end":{"line":128,"column":9}},"line":126},"13":{"name":"(anonymous_13)","decl":{"start":{"line":129,"column":14},"end":{"line":129,"column":15}},"loc":{"start":{"line":129,"column":20},"end":{"line":140,"column":9}},"line":129},"14":{"name":"(anonymous_14)","decl":{"start":{"line":130,"column":24},"end":{"line":130,"column":25}},"loc":{"start":{"line":130,"column":34},"end":{"line":138,"column":11}},"line":130},"15":{"name":"(anonymous_15)","decl":{"start":{"line":131,"column":28},"end":{"line":131,"column":29}},"loc":{"start":{"line":131,"column":42},"end":{"line":137,"column":13}},"line":131},"16":{"name":"(anonymous_16)","decl":{"start":{"line":144,"column":20},"end":{"line":144,"column":21}},"loc":{"start":{"line":144,"column":27},"end":{"line":148,"column":11}},"line":144},"17":{"name":"(anonymous_17)","decl":{"start":{"line":145,"column":31},"end":{"line":145,"column":32}},"loc":{"start":{"line":145,"column":41},"end":{"line":147,"column":13}},"line":145},"18":{"name":"(anonymous_18)","decl":{"start":{"line":152,"column":20},"end":{"line":152,"column":21}},"loc":{"start":{"line":152,"column":27},"end":{"line":156,"column":11}},"line":152},"19":{"name":"(anonymous_19)","decl":{"start":{"line":153,"column":31},"end":{"line":153,"column":32}},"loc":{"start":{"line":153,"column":41},"end":{"line":155,"column":13}},"line":153},"20":{"name":"(anonymous_20)","decl":{"start":{"line":164,"column":18},"end":{"line":164,"column":19}},"loc":{"start":{"line":164,"column":24},"end":{"line":166,"column":9}},"line":164},"21":{"name":"(anonymous_21)","decl":{"start":{"line":167,"column":14},"end":{"line":167,"column":15}},"loc":{"start":{"line":167,"column":20},"end":{"line":172,"column":9}},"line":167},"22":{"name":"(anonymous_22)","decl":{"start":{"line":168,"column":24},"end":{"line":168,"column":25}},"loc":{"start":{"line":168,"column":34},"end":{"line":170,"column":11}},"line":168},"23":{"name":"(anonymous_23)","decl":{"start":{"line":177,"column":20},"end":{"line":177,"column":21}},"loc":{"start":{"line":177,"column":27},"end":{"line":181,"column":11}},"line":177},"24":{"name":"(anonymous_24)","decl":{"start":{"line":178,"column":30},"end":{"line":178,"column":31}},"loc":{"start":{"line":178,"column":40},"end":{"line":180,"column":13}},"line":178},"25":{"name":"(anonymous_25)","decl":{"start":{"line":187,"column":20},"end":{"line":187,"column":21}},"loc":{"start":{"line":187,"column":27},"end":{"line":191,"column":11}},"line":187},"26":{"name":"(anonymous_26)","decl":{"start":{"line":188,"column":30},"end":{"line":188,"column":31}},"loc":{"start":{"line":188,"column":40},"end":{"line":190,"column":13}},"line":188},"27":{"name":"(anonymous_27)","decl":{"start":{"line":197,"column":20},"end":{"line":197,"column":21}},"loc":{"start":{"line":197,"column":27},"end":{"line":201,"column":11}},"line":197},"28":{"name":"(anonymous_28)","decl":{"start":{"line":198,"column":30},"end":{"line":198,"column":31}},"loc":{"start":{"line":198,"column":40},"end":{"line":200,"column":13}},"line":198}},"branchMap":{"0":{"loc":{"start":{"line":132,"column":14},"end":{"line":136,"column":15}},"type":"if","locations":[{"start":{"line":132,"column":14},"end":{"line":136,"column":15}},{"start":{"line":134,"column":21},"end":{"line":136,"column":15}}],"line":132}},"s":{"0":0,"1":0,"2":0,"3":0,"4":0,"5":0,"6":0,"7":0,"8":0,"9":0,"10":0,"11":0,"12":0,"13":0,"14":0,"15":0,"16":0,"17":0,"18":0,"19":0,"20":0,"21":0,"22":0,"23":0,"24":0,"25":0,"26":0,"27":0,"28":0,"29":0,"30":0,"31":0,"32":0,"33":0,"34":0,"35":0,"36":0,"37":0,"38":0,"39":0,"40":0,"41":0,"42":0,"43":0,"44":0,"45":0,"46":0,"47":0},"f":{"0":0,"1":0,"2":0,"3":0,"4":0,"5":0,"6":0,"7":0,"8":0,"9":0,"10":0,"11":0,"12":0,"13":0,"14":0,"15":0,"16":0,"17":0,"18":0,"19":0,"20":0,"21":0,"22":0,"23":0,"24":0,"25":0,"26":0,"27":0,"28":0},"b":{"0":[0,0]}}
,"C:\\Users\\2241581\\OneDrive - Cognizant\\Desktop\\react-task-updated\\react_tasks\\src\\antd\\AntdTableOperations.js": {"path":"C:\\Users\\2241581\\OneDrive - Cognizant\\Desktop\\react-task-updated\\react_tasks\\src\\antd\\AntdTableOperations.js","statementMap":{"0":{"start":{"line":5,"column":28},"end":{"line":73,"column":1}},"1":{"start":{"line":6,"column":32},"end":{"line":6,"column":47}},"2":{"start":{"line":7,"column":38},"end":{"line":7,"column":50}},"3":{"start":{"line":8,"column":26},"end":{"line":8,"column":37}},"4":{"start":{"line":9,"column":34},"end":{"line":9,"column":45}},"5":{"start":{"line":11,"column":2},"end":{"line":24,"column":9}},"6":{"start":{"line":12,"column":4},"end":{"line":12,"column":21}},"7":{"start":{"line":13,"column":4},"end":{"line":23,"column":9}},"8":{"start":{"line":14,"column":26},"end":{"line":14,"column":41}},"9":{"start":{"line":16,"column":8},"end":{"line":16,"column":28}},"10":{"start":{"line":19,"column":8},"end":{"line":19,"column":25}},"11":{"start":{"line":22,"column":8},"end":{"line":22,"column":26}},"12":{"start":{"line":26,"column":18},"end":{"line":55,"column":3}},"13":{"start":{"line":37,"column":8},"end":{"line":37,"column":47}},"14":{"start":{"line":45,"column":8},"end":{"line":45,"column":63}},"15":{"start":{"line":52,"column":8},"end":{"line":52,"column":42}},"16":{"start":{"line":56,"column":2},"end":{"line":72,"column":4}},"17":{"start":{"line":66,"column":12},"end":{"line":66,"column":26}},"18":{"start":{"line":67,"column":12},"end":{"line":67,"column":34}}},"fnMap":{"0":{"name":"(anonymous_0)","decl":{"start":{"line":5,"column":28},"end":{"line":5,"column":29}},"loc":{"start":{"line":5,"column":34},"end":{"line":73,"column":1}},"line":5},"1":{"name":"(anonymous_1)","decl":{"start":{"line":11,"column":12},"end":{"line":11,"column":13}},"loc":{"start":{"line":11,"column":18},"end":{"line":24,"column":3}},"line":11},"2":{"name":"(anonymous_2)","decl":{"start":{"line":14,"column":12},"end":{"line":14,"column":13}},"loc":{"start":{"line":14,"column":26},"end":{"line":14,"column":41}},"line":14},"3":{"name":"(anonymous_3)","decl":{"start":{"line":15,"column":12},"end":{"line":15,"column":13}},"loc":{"start":{"line":15,"column":22},"end":{"line":17,"column":7}},"line":15},"4":{"name":"(anonymous_4)","decl":{"start":{"line":18,"column":13},"end":{"line":18,"column":14}},"loc":{"start":{"line":18,"column":22},"end":{"line":20,"column":7}},"line":18},"5":{"name":"(anonymous_5)","decl":{"start":{"line":21,"column":15},"end":{"line":21,"column":16}},"loc":{"start":{"line":21,"column":21},"end":{"line":23,"column":7}},"line":21},"6":{"name":"(anonymous_6)","decl":{"start":{"line":36,"column":14},"end":{"line":36,"column":15}},"loc":{"start":{"line":36,"column":36},"end":{"line":38,"column":7}},"line":36},"7":{"name":"(anonymous_7)","decl":{"start":{"line":44,"column":14},"end":{"line":44,"column":15}},"loc":{"start":{"line":44,"column":29},"end":{"line":46,"column":7}},"line":44},"8":{"name":"(anonymous_8)","decl":{"start":{"line":51,"column":16},"end":{"line":51,"column":17}},"loc":{"start":{"line":51,"column":35},"end":{"line":53,"column":7}},"line":51},"9":{"name":"(anonymous_9)","decl":{"start":{"line":65,"column":20},"end":{"line":65,"column":21}},"loc":{"start":{"line":65,"column":40},"end":{"line":68,"column":11}},"line":65}},"branchMap":{"0":{"loc":{"start":{"line":45,"column":19},"end":{"line":45,"column":57}},"type":"cond-expr","locations":[{"start":{"line":45,"column":31},"end":{"line":45,"column":41}},{"start":{"line":45,"column":44},"end":{"line":45,"column":57}}],"line":45}},"s":{"0":0,"1":0,"2":0,"3":0,"4":0,"5":0,"6":0,"7":0,"8":0,"9":0,"10":0,"11":0,"12":0,"13":0,"14":0,"15":0,"16":0,"17":0,"18":0},"f":{"0":0,"1":0,"2":0,"3":0,"4":0,"5":0,"6":0,"7":0,"8":0,"9":0},"b":{"0":[0,0]}}
,"C:\\Users\\2241581\\OneDrive - Cognizant\\Desktop\\react-task-updated\\react_tasks\\src\\antd\\MultiStepForm.js": {"path":"C:\\Users\\2241581\\OneDrive - Cognizant\\Desktop\\react-task-updated\\react_tasks\\src\\antd\\MultiStepForm.js","statementMap":{"0":{"start":{"line":9,"column":22},"end":{"line":69,"column":1}},"1":{"start":{"line":10,"column":40},"end":{"line":10,"column":51}},"2":{"start":{"line":11,"column":42},"end":{"line":11,"column":56}},"3":{"start":{"line":12,"column":46},"end":{"line":12,"column":60}},"4":{"start":{"line":14,"column":28},"end":{"line":17,"column":3}},"5":{"start":{"line":15,"column":4},"end":{"line":15,"column":30}},"6":{"start":{"line":16,"column":4},"end":{"line":16,"column":22}},"7":{"start":{"line":19,"column":30},"end":{"line":22,"column":3}},"8":{"start":{"line":20,"column":4},"end":{"line":20,"column":28}},"9":{"start":{"line":21,"column":4},"end":{"line":21,"column":22}},"10":{"start":{"line":24,"column":16},"end":{"line":31,"column":3}},"11":{"start":{"line":33,"column":25},"end":{"line":41,"column":3}},"12":{"start":{"line":34,"column":4},"end":{"line":40,"column":5}},"13":{"start":{"line":35,"column":6},"end":{"line":35,"column":19}},"14":{"start":{"line":36,"column":11},"end":{"line":40,"column":5}},"15":{"start":{"line":37,"column":6},"end":{"line":37,"column":35}},"16":{"start":{"line":39,"column":6},"end":{"line":39,"column":62}},"17":{"start":{"line":43,"column":2},"end":{"line":68,"column":4}},"18":{"start":{"line":72,"column":2},"end":{"line":115,"column":4}},"19":{"start":{"line":119,"column":2},"end":{"line":161,"column":4}},"20":{"start":{"line":165,"column":2},"end":{"line":169,"column":4}}},"fnMap":{"0":{"name":"(anonymous_0)","decl":{"start":{"line":9,"column":22},"end":{"line":9,"column":23}},"loc":{"start":{"line":9,"column":28},"end":{"line":69,"column":1}},"line":9},"1":{"name":"(anonymous_1)","decl":{"start":{"line":14,"column":28},"end":{"line":14,"column":29}},"loc":{"start":{"line":14,"column":40},"end":{"line":17,"column":3}},"line":14},"2":{"name":"(anonymous_2)","decl":{"start":{"line":19,"column":30},"end":{"line":19,"column":31}},"loc":{"start":{"line":19,"column":42},"end":{"line":22,"column":3}},"line":19},"3":{"name":"(anonymous_3)","decl":{"start":{"line":33,"column":25},"end":{"line":33,"column":26}},"loc":{"start":{"line":33,"column":41},"end":{"line":41,"column":3}},"line":33},"4":{"name":"LoginForm","decl":{"start":{"line":71,"column":9},"end":{"line":71,"column":18}},"loc":{"start":{"line":71,"column":48},"end":{"line":116,"column":1}},"line":71},"5":{"name":"ProfileForm","decl":{"start":{"line":118,"column":9},"end":{"line":118,"column":20}},"loc":{"start":{"line":118,"column":50},"end":{"line":162,"column":1}},"line":118},"6":{"name":"Finish","decl":{"start":{"line":164,"column":9},"end":{"line":164,"column":15}},"loc":{"start":{"line":164,"column":18},"end":{"line":170,"column":1}},"line":164}},"branchMap":{"0":{"loc":{"start":{"line":34,"column":4},"end":{"line":40,"column":5}},"type":"if","locations":[{"start":{"line":34,"column":4},"end":{"line":40,"column":5}},{"start":{"line":36,"column":11},"end":{"line":40,"column":5}}],"line":34},"1":{"loc":{"start":{"line":36,"column":11},"end":{"line":40,"column":5}},"type":"if","locations":[{"start":{"line":36,"column":11},"end":{"line":40,"column":5}},{"start":{"line":38,"column":11},"end":{"line":40,"column":5}}],"line":36},"2":{"loc":{"start":{"line":39,"column":13},"end":{"line":39,"column":61}},"type":"binary-expr","locations":[{"start":{"line":39,"column":13},"end":{"line":39,"column":34}},{"start":{"line":39,"column":38},"end":{"line":39,"column":61}}],"line":39}},"s":{"0":0,"1":0,"2":0,"3":0,"4":0,"5":0,"6":0,"7":0,"8":0,"9":0,"10":0,"11":0,"12":0,"13":0,"14":0,"15":0,"16":0,"17":0,"18":0,"19":0,"20":0},"f":{"0":0,"1":0,"2":0,"3":0,"4":0,"5":0,"6":0},"b":{"0":[0,0],"1":[0,0],"2":[0,0]}}
,"C:\\Users\\2241581\\OneDrive - Cognizant\\Desktop\\react-task-updated\\react_tasks\\src\\jest\\CounterTesting.js": {"path":"C:\\Users\\2241581\\OneDrive - Cognizant\\Desktop\\react-task-updated\\react_tasks\\src\\jest\\CounterTesting.js","statementMap":{"0":{"start":{"line":5,"column":23},"end":{"line":45,"column":1}},"1":{"start":{"line":6,"column":28},"end":{"line":6,"column":50}},"2":{"start":{"line":8,"column":20},"end":{"line":10,"column":3}},"3":{"start":{"line":9,"column":4},"end":{"line":9,"column":33}},"4":{"start":{"line":9,"column":23},"end":{"line":9,"column":31}},"5":{"start":{"line":12,"column":20},"end":{"line":14,"column":3}},"6":{"start":{"line":13,"column":4},"end":{"line":13,"column":33}},"7":{"start":{"line":13,"column":23},"end":{"line":13,"column":31}},"8":{"start":{"line":16,"column":18},"end":{"line":18,"column":3}},"9":{"start":{"line":17,"column":4},"end":{"line":17,"column":16}},"10":{"start":{"line":20,"column":22},"end":{"line":22,"column":3}},"11":{"start":{"line":21,"column":4},"end":{"line":21,"column":34}},"12":{"start":{"line":21,"column":23},"end":{"line":21,"column":32}},"13":{"start":{"line":24,"column":2},"end":{"line":44,"column":4}}},"fnMap":{"0":{"name":"(anonymous_0)","decl":{"start":{"line":5,"column":23},"end":{"line":5,"column":24}},"loc":{"start":{"line":5,"column":45},"end":{"line":45,"column":1}},"line":5},"1":{"name":"(anonymous_1)","decl":{"start":{"line":8,"column":20},"end":{"line":8,"column":21}},"loc":{"start":{"line":8,"column":26},"end":{"line":10,"column":3}},"line":8},"2":{"name":"(anonymous_2)","decl":{"start":{"line":9,"column":13},"end":{"line":9,"column":14}},"loc":{"start":{"line":9,"column":23},"end":{"line":9,"column":31}},"line":9},"3":{"name":"(anonymous_3)","decl":{"start":{"line":12,"column":20},"end":{"line":12,"column":21}},"loc":{"start":{"line":12,"column":26},"end":{"line":14,"column":3}},"line":12},"4":{"name":"(anonymous_4)","decl":{"start":{"line":13,"column":13},"end":{"line":13,"column":14}},"loc":{"start":{"line":13,"column":23},"end":{"line":13,"column":31}},"line":13},"5":{"name":"(anonymous_5)","decl":{"start":{"line":16,"column":18},"end":{"line":16,"column":19}},"loc":{"start":{"line":16,"column":24},"end":{"line":18,"column":3}},"line":16},"6":{"name":"(anonymous_6)","decl":{"start":{"line":20,"column":22},"end":{"line":20,"column":23}},"loc":{"start":{"line":20,"column":28},"end":{"line":22,"column":3}},"line":20},"7":{"name":"(anonymous_7)","decl":{"start":{"line":21,"column":13},"end":{"line":21,"column":14}},"loc":{"start":{"line":21,"column":23},"end":{"line":21,"column":32}},"line":21}},"branchMap":{},"s":{"0":1,"1":9,"2":9,"3":1,"4":1,"5":9,"6":1,"7":1,"8":9,"9":1,"10":9,"11":1,"12":1,"13":9},"f":{"0":9,"1":1,"2":1,"3":1,"4":1,"5":1,"6":1,"7":1},"b":{},"_coverageSchema":"1a1c01bbd47fc00a2c39e90264f33305004495a9","hash":"5bca67f29877e0dbd1a5188443ba1ec7bde13def"}
,"C:\\Users\\2241581\\OneDrive - Cognizant\\Desktop\\react-task-updated\\react_tasks\\src\\pages\\counter_clone\\CloneCounter.js": {"path":"C:\\Users\\2241581\\OneDrive - Cognizant\\Desktop\\react-task-updated\\react_tasks\\src\\pages\\counter_clone\\CloneCounter.js","statementMap":{"0":{"start":{"line":6,"column":21},"end":{"line":35,"column":1}},"1":{"start":{"line":7,"column":28},"end":{"line":7,"column":39}},"2":{"start":{"line":8,"column":24},"end":{"line":8,"column":36}},"3":{"start":{"line":10,"column":22},"end":{"line":13,"column":3}},"4":{"start":{"line":11,"column":4},"end":{"line":11,"column":25}},"5":{"start":{"line":12,"column":4},"end":{"line":12,"column":20}},"6":{"start":{"line":15,"column":2},"end":{"line":34,"column":4}},"7":{"start":{"line":30,"column":10},"end":{"line":30,"column":32}}},"fnMap":{"0":{"name":"(anonymous_0)","decl":{"start":{"line":6,"column":21},"end":{"line":6,"column":22}},"loc":{"start":{"line":6,"column":27},"end":{"line":35,"column":1}},"line":6},"1":{"name":"(anonymous_1)","decl":{"start":{"line":10,"column":22},"end":{"line":10,"column":23}},"loc":{"start":{"line":10,"column":33},"end":{"line":13,"column":3}},"line":10},"2":{"name":"(anonymous_2)","decl":{"start":{"line":29,"column":17},"end":{"line":29,"column":18}},"loc":{"start":{"line":29,"column":27},"end":{"line":31,"column":9}},"line":29}},"branchMap":{},"s":{"0":1,"1":4,"2":3,"3":3,"4":1,"5":1,"6":3,"7":1},"f":{"0":4,"1":1,"2":1},"b":{},"_coverageSchema":"1a1c01bbd47fc00a2c39e90264f33305004495a9","hash":"d5cb3146caa1dc08b8175e635fc9eabe36b10520"}
,"C:\\Users\\2241581\\OneDrive - Cognizant\\Desktop\\react-task-updated\\react_tasks\\src\\pages\\counter_clone\\CounterApp.js": {"path":"C:\\Users\\2241581\\OneDrive - Cognizant\\Desktop\\react-task-updated\\react_tasks\\src\\pages\\counter_clone\\CounterApp.js","statementMap":{"0":{"start":{"line":4,"column":19},"end":{"line":38,"column":1}},"1":{"start":{"line":5,"column":30},"end":{"line":5,"column":41}},"2":{"start":{"line":7,"column":28},"end":{"line":9,"column":3}},"3":{"start":{"line":8,"column":4},"end":{"line":8,"column":34}},"4":{"start":{"line":11,"column":26},"end":{"line":13,"column":3}},"5":{"start":{"line":12,"column":4},"end":{"line":12,"column":27}},"6":{"start":{"line":15,"column":26},"end":{"line":17,"column":3}},"7":{"start":{"line":16,"column":4},"end":{"line":16,"column":27}},"8":{"start":{"line":19,"column":2},"end":{"line":37,"column":4}}},"fnMap":{"0":{"name":"(anonymous_0)","decl":{"start":{"line":4,"column":19},"end":{"line":4,"column":20}},"loc":{"start":{"line":4,"column":25},"end":{"line":38,"column":1}},"line":4},"1":{"name":"(anonymous_1)","decl":{"start":{"line":7,"column":28},"end":{"line":7,"column":29}},"loc":{"start":{"line":7,"column":39},"end":{"line":9,"column":3}},"line":7},"2":{"name":"(anonymous_2)","decl":{"start":{"line":11,"column":26},"end":{"line":11,"column":27}},"loc":{"start":{"line":11,"column":32},"end":{"line":13,"column":3}},"line":11},"3":{"name":"(anonymous_3)","decl":{"start":{"line":15,"column":26},"end":{"line":15,"column":27}},"loc":{"start":{"line":15,"column":32},"end":{"line":17,"column":3}},"line":15}},"branchMap":{},"s":{"0":1,"1":9,"2":8,"3":1,"4":8,"5":1,"6":8,"7":1,"8":8},"f":{"0":9,"1":1,"2":1,"3":1},"b":{},"_coverageSchema":"1a1c01bbd47fc00a2c39e90264f33305004495a9","hash":"0d72d9bf5278f959e7f89a121810a1a4e66dae48"}
,"C:\\Users\\2241581\\OneDrive - Cognizant\\Desktop\\react-task-updated\\react_tasks\\src\\pages\\price_calculator\\ItemPrice.js": {"path":"C:\\Users\\2241581\\OneDrive - Cognizant\\Desktop\\react-task-updated\\react_tasks\\src\\pages\\price_calculator\\ItemPrice.js","statementMap":{"0":{"start":{"line":4,"column":18},"end":{"line":40,"column":1}},"1":{"start":{"line":5,"column":28},"end":{"line":5,"column":40}},"2":{"start":{"line":6,"column":34},"end":{"line":6,"column":46}},"3":{"start":{"line":8,"column":22},"end":{"line":10,"column":3}},"4":{"start":{"line":9,"column":4},"end":{"line":9,"column":33}},"5":{"start":{"line":12,"column":25},"end":{"line":14,"column":3}},"6":{"start":{"line":13,"column":4},"end":{"line":13,"column":36}},"7":{"start":{"line":16,"column":2},"end":{"line":39,"column":4}}},"fnMap":{"0":{"name":"(anonymous_0)","decl":{"start":{"line":4,"column":18},"end":{"line":4,"column":19}},"loc":{"start":{"line":4,"column":24},"end":{"line":40,"column":1}},"line":4},"1":{"name":"(anonymous_1)","decl":{"start":{"line":8,"column":22},"end":{"line":8,"column":23}},"loc":{"start":{"line":8,"column":33},"end":{"line":10,"column":3}},"line":8},"2":{"name":"(anonymous_2)","decl":{"start":{"line":12,"column":25},"end":{"line":12,"column":26}},"loc":{"start":{"line":12,"column":36},"end":{"line":14,"column":3}},"line":12}},"branchMap":{},"s":{"0":1,"1":3,"2":3,"3":3,"4":1,"5":3,"6":1,"7":3},"f":{"0":3,"1":1,"2":1},"b":{},"_coverageSchema":"1a1c01bbd47fc00a2c39e90264f33305004495a9","hash":"a1739ff2ac264c08f687cd045a947c5dbfb76d26"}
,"C:\\Users\\2241581\\OneDrive - Cognizant\\Desktop\\react-task-updated\\react_tasks\\src\\pages\\temperature_converter\\Temperature.js": {"path":"C:\\Users\\2241581\\OneDrive - Cognizant\\Desktop\\react-task-updated\\react_tasks\\src\\pages\\temperature_converter\\Temperature.js","statementMap":{"0":{"start":{"line":4,"column":20},"end":{"line":120,"column":1}},"1":{"start":{"line":5,"column":26},"end":{"line":5,"column":52}},"2":{"start":{"line":6,"column":42},"end":{"line":6,"column":61}},"3":{"start":{"line":7,"column":42},"end":{"line":7,"column":64}},"4":{"start":{"line":9,"column":28},"end":{"line":21,"column":3}},"5":{"start":{"line":10,"column":4},"end":{"line":20,"column":5}},"6":{"start":{"line":11,"column":6},"end":{"line":14,"column":9}},"7":{"start":{"line":16,"column":6},"end":{"line":19,"column":9}},"8":{"start":{"line":23,"column":28},"end":{"line":35,"column":3}},"9":{"start":{"line":24,"column":4},"end":{"line":34,"column":5}},"10":{"start":{"line":25,"column":6},"end":{"line":28,"column":9}},"11":{"start":{"line":30,"column":6},"end":{"line":33,"column":9}},"12":{"start":{"line":37,"column":29},"end":{"line":52,"column":3}},"13":{"start":{"line":38,"column":4},"end":{"line":38,"column":40}},"14":{"start":{"line":39,"column":4},"end":{"line":51,"column":5}},"15":{"start":{"line":40,"column":6},"end":{"line":40,"column":33}},"16":{"start":{"line":41,"column":6},"end":{"line":44,"column":9}},"17":{"start":{"line":46,"column":6},"end":{"line":46,"column":36}},"18":{"start":{"line":47,"column":6},"end":{"line":50,"column":9}},"19":{"start":{"line":54,"column":29},"end":{"line":69,"column":3}},"20":{"start":{"line":55,"column":4},"end":{"line":55,"column":40}},"21":{"start":{"line":56,"column":4},"end":{"line":68,"column":5}},"22":{"start":{"line":57,"column":6},"end":{"line":57,"column":36}},"23":{"start":{"line":58,"column":6},"end":{"line":61,"column":9}},"24":{"start":{"line":63,"column":6},"end":{"line":63,"column":33}},"25":{"start":{"line":64,"column":6},"end":{"line":67,"column":9}},"26":{"start":{"line":71,"column":2},"end":{"line":119,"column":4}}},"fnMap":{"0":{"name":"(anonymous_0)","decl":{"start":{"line":4,"column":20},"end":{"line":4,"column":21}},"loc":{"start":{"line":4,"column":26},"end":{"line":120,"column":1}},"line":4},"1":{"name":"(anonymous_1)","decl":{"start":{"line":9,"column":28},"end":{"line":9,"column":29}},"loc":{"start":{"line":9,"column":39},"end":{"line":21,"column":3}},"line":9},"2":{"name":"(anonymous_2)","decl":{"start":{"line":23,"column":28},"end":{"line":23,"column":29}},"loc":{"start":{"line":23,"column":39},"end":{"line":35,"column":3}},"line":23},"3":{"name":"(anonymous_3)","decl":{"start":{"line":37,"column":29},"end":{"line":37,"column":30}},"loc":{"start":{"line":37,"column":40},"end":{"line":52,"column":3}},"line":37},"4":{"name":"(anonymous_4)","decl":{"start":{"line":54,"column":29},"end":{"line":54,"column":30}},"loc":{"start":{"line":54,"column":40},"end":{"line":69,"column":3}},"line":54}},"branchMap":{"0":{"loc":{"start":{"line":10,"column":4},"end":{"line":20,"column":5}},"type":"if","locations":[{"start":{"line":10,"column":4},"end":{"line":20,"column":5}},{"start":{"line":15,"column":11},"end":{"line":20,"column":5}}],"line":10},"1":{"loc":{"start":{"line":24,"column":4},"end":{"line":34,"column":5}},"type":"if","locations":[{"start":{"line":24,"column":4},"end":{"line":34,"column":5}},{"start":{"line":29,"column":11},"end":{"line":34,"column":5}}],"line":24},"2":{"loc":{"start":{"line":39,"column":4},"end":{"line":51,"column":5}},"type":"if","locations":[{"start":{"line":39,"column":4},"end":{"line":51,"column":5}},{"start":{"line":45,"column":11},"end":{"line":51,"column":5}}],"line":39},"3":{"loc":{"start":{"line":56,"column":4},"end":{"line":68,"column":5}},"type":"if","locations":[{"start":{"line":56,"column":4},"end":{"line":68,"column":5}},{"start":{"line":62,"column":11},"end":{"line":68,"column":5}}],"line":56},"4":{"loc":{"start":{"line":74,"column":9},"end":{"line":88,"column":9}},"type":"cond-expr","locations":[{"start":{"line":75,"column":10},"end":{"line":80,"column":19}},{"start":{"line":82,"column":10},"end":{"line":87,"column":19}}],"line":74},"5":{"loc":{"start":{"line":97,"column":9},"end":{"line":111,"column":9}},"type":"cond-expr","locations":[{"start":{"line":98,"column":10},"end":{"line":103,"column":19}},{"start":{"line":105,"column":10},"end":{"line":110,"column":19}}],"line":97}},"s":{"0":0,"1":0,"2":0,"3":0,"4":0,"5":0,"6":0,"7":0,"8":0,"9":0,"10":0,"11":0,"12":0,"13":0,"14":0,"15":0,"16":0,"17":0,"18":0,"19":0,"20":0,"21":0,"22":0,"23":0,"24":0,"25":0,"26":0},"f":{"0":0,"1":0,"2":0,"3":0,"4":0},"b":{"0":[0,0],"1":[0,0],"2":[0,0],"3":[0,0],"4":[0,0],"5":[0,0]}}
,"C:\\Users\\2241581\\OneDrive - Cognizant\\Desktop\\react-task-updated\\react_tasks\\src\\pages\\toggle_button\\ToggleButton.js": {"path":"C:\\Users\\2241581\\OneDrive - Cognizant\\Desktop\\react-task-updated\\react_tasks\\src\\pages\\toggle_button\\ToggleButton.js","statementMap":{"0":{"start":{"line":4,"column":21},"end":{"line":54,"column":1}},"1":{"start":{"line":5,"column":26},"end":{"line":5,"column":36}},"2":{"start":{"line":6,"column":30},"end":{"line":6,"column":44}},"3":{"start":{"line":8,"column":28},"end":{"line":10,"column":3}},"4":{"start":{"line":9,"column":4},"end":{"line":9,"column":32}},"5":{"start":{"line":12,"column":2},"end":{"line":53,"column":4}},"6":{"start":{"line":34,"column":12},"end":{"line":34,"column":28}},"7":{"start":{"line":45,"column":12},"end":{"line":45,"column":29}}},"fnMap":{"0":{"name":"(anonymous_0)","decl":{"start":{"line":4,"column":21},"end":{"line":4,"column":22}},"loc":{"start":{"line":4,"column":27},"end":{"line":54,"column":1}},"line":4},"1":{"name":"(anonymous_1)","decl":{"start":{"line":8,"column":28},"end":{"line":8,"column":29}},"loc":{"start":{"line":8,"column":39},"end":{"line":10,"column":3}},"line":8},"2":{"name":"(anonymous_2)","decl":{"start":{"line":33,"column":19},"end":{"line":33,"column":20}},"loc":{"start":{"line":33,"column":25},"end":{"line":35,"column":11}},"line":33},"3":{"name":"(anonymous_3)","decl":{"start":{"line":44,"column":19},"end":{"line":44,"column":20}},"loc":{"start":{"line":44,"column":25},"end":{"line":46,"column":11}},"line":44}},"branchMap":{"0":{"loc":{"start":{"line":23,"column":9},"end":{"line":23,"column":41}},"type":"binary-expr","locations":[{"start":{"line":23,"column":9},"end":{"line":23,"column":24}},{"start":{"line":23,"column":28},"end":{"line":23,"column":41}}],"line":23},"1":{"loc":{"start":{"line":24,"column":9},"end":{"line":24,"column":33}},"type":"binary-expr","locations":[{"start":{"line":24,"column":9},"end":{"line":24,"column":25}},{"start":{"line":24,"column":29},"end":{"line":24,"column":33}}],"line":24}},"s":{"0":1,"1":4,"2":3,"3":3,"4":1,"5":3,"6":1,"7":1},"f":{"0":4,"1":1,"2":1,"3":1},"b":{"0":[3,2],"1":[3,1]},"_coverageSchema":"1a1c01bbd47fc00a2c39e90264f33305004495a9","hash":"90025bd62618a5ae968eb6ab7dee499e693f486c"}
,"C:\\Users\\2241581\\OneDrive - Cognizant\\Desktop\\react-task-updated\\react_tasks\\src\\table_search\\TableSearch.js": {"path":"C:\\Users\\2241581\\OneDrive - Cognizant\\Desktop\\react-task-updated\\react_tasks\\src\\table_search\\TableSearch.js","statementMap":{"0":{"start":{"line":4,"column":20},"end":{"line":91,"column":1}},"1":{"start":{"line":5,"column":30},"end":{"line":5,"column":42}},"2":{"start":{"line":6,"column":40},"end":{"line":6,"column":55}},"3":{"start":{"line":7,"column":40},"end":{"line":7,"column":51}},"4":{"start":{"line":8,"column":25},"end":{"line":8,"column":26}},"5":{"start":{"line":9,"column":20},"end":{"line":9,"column":48}},"6":{"start":{"line":10,"column":21},"end":{"line":10,"column":47}},"7":{"start":{"line":11,"column":22},"end":{"line":11,"column":56}},"8":{"start":{"line":12,"column":20},"end":{"line":12,"column":60}},"9":{"start":{"line":13,"column":18},"end":{"line":13,"column":59}},"10":{"start":{"line":15,"column":28},"end":{"line":18,"column":3}},"11":{"start":{"line":16,"column":4},"end":{"line":16,"column":30}},"12":{"start":{"line":17,"column":4},"end":{"line":17,"column":25}},"13":{"start":{"line":20,"column":25},"end":{"line":24,"column":3}},"14":{"start":{"line":21,"column":4},"end":{"line":23,"column":5}},"15":{"start":{"line":22,"column":6},"end":{"line":22,"column":38}},"16":{"start":{"line":26,"column":28},"end":{"line":28,"column":3}},"17":{"start":{"line":27,"column":4},"end":{"line":27,"column":23}},"18":{"start":{"line":30,"column":25},"end":{"line":34,"column":3}},"19":{"start":{"line":31,"column":4},"end":{"line":33,"column":5}},"20":{"start":{"line":32,"column":6},"end":{"line":32,"column":38}},"21":{"start":{"line":36,"column":2},"end":{"line":90,"column":4}},"22":{"start":{"line":49,"column":16},"end":{"line":57,"column":57}},"23":{"start":{"line":60,"column":14},"end":{"line":64,"column":19}},"24":{"start":{"line":76,"column":12},"end":{"line":80,"column":17}},"25":{"start":{"line":77,"column":41},"end":{"line":77,"column":61}}},"fnMap":{"0":{"name":"(anonymous_0)","decl":{"start":{"line":4,"column":20},"end":{"line":4,"column":21}},"loc":{"start":{"line":4,"column":26},"end":{"line":91,"column":1}},"line":4},"1":{"name":"(anonymous_1)","decl":{"start":{"line":15,"column":28},"end":{"line":15,"column":29}},"loc":{"start":{"line":15,"column":35},"end":{"line":18,"column":3}},"line":15},"2":{"name":"(anonymous_2)","decl":{"start":{"line":20,"column":25},"end":{"line":20,"column":26}},"loc":{"start":{"line":20,"column":31},"end":{"line":24,"column":3}},"line":20},"3":{"name":"(anonymous_3)","decl":{"start":{"line":26,"column":28},"end":{"line":26,"column":29}},"loc":{"start":{"line":26,"column":36},"end":{"line":28,"column":3}},"line":26},"4":{"name":"(anonymous_4)","decl":{"start":{"line":30,"column":25},"end":{"line":30,"column":26}},"loc":{"start":{"line":30,"column":31},"end":{"line":34,"column":3}},"line":30},"5":{"name":"(anonymous_5)","decl":{"start":{"line":48,"column":14},"end":{"line":48,"column":15}},"loc":{"start":{"line":49,"column":16},"end":{"line":57,"column":57}},"line":49},"6":{"name":"(anonymous_6)","decl":{"start":{"line":59,"column":17},"end":{"line":59,"column":18}},"loc":{"start":{"line":60,"column":14},"end":{"line":64,"column":19}},"line":60},"7":{"name":"(anonymous_7)","decl":{"start":{"line":75,"column":23},"end":{"line":75,"column":24}},"loc":{"start":{"line":76,"column":12},"end":{"line":80,"column":17}},"line":76},"8":{"name":"(anonymous_8)","decl":{"start":{"line":77,"column":35},"end":{"line":77,"column":36}},"loc":{"start":{"line":77,"column":41},"end":{"line":77,"column":61}},"line":77}},"branchMap":{"0":{"loc":{"start":{"line":21,"column":4},"end":{"line":23,"column":5}},"type":"if","locations":[{"start":{"line":21,"column":4},"end":{"line":23,"column":5}},{"start":{},"end":{}}],"line":21},"1":{"loc":{"start":{"line":31,"column":4},"end":{"line":33,"column":5}},"type":"if","locations":[{"start":{"line":31,"column":4},"end":{"line":33,"column":5}},{"start":{},"end":{}}],"line":31},"2":{"loc":{"start":{"line":49,"column":16},"end":{"line":57,"column":57}},"type":"binary-expr","locations":[{"start":{"line":49,"column":16},"end":{"line":49,"column":48}},{"start":{"line":50,"column":16},"end":{"line":50,"column":62}},{"start":{"line":51,"column":16},"end":{"line":51,"column":62}},{"start":{"line":52,"column":16},"end":{"line":52,"column":47}},{"start":{"line":53,"column":16},"end":{"line":53,"column":61}},{"start":{"line":54,"column":16},"end":{"line":54,"column":61}},{"start":{"line":55,"column":16},"end":{"line":55,"column":43}},{"start":{"line":56,"column":16},"end":{"line":56,"column":57}},{"start":{"line":57,"column":16},"end":{"line":57,"column":57}}],"line":49}},"s":{"0":0,"1":0,"2":0,"3":0,"4":0,"5":0,"6":0,"7":0,"8":0,"9":0,"10":0,"11":0,"12":0,"13":0,"14":0,"15":0,"16":0,"17":0,"18":0,"19":0,"20":0,"21":0,"22":0,"23":0,"24":0,"25":0},"f":{"0":0,"1":0,"2":0,"3":0,"4":0,"5":0,"6":0,"7":0,"8":0},"b":{"0":[0,0],"1":[0,0],"2":[0,0,0,0,0,0,0,0,0]}}
,"C:\\Users\\2241581\\OneDrive - Cognizant\\Desktop\\react-task-updated\\react_tasks\\src\\table_search\\users.js": {"path":"C:\\Users\\2241581\\OneDrive - Cognizant\\Desktop\\react-task-updated\\react_tasks\\src\\table_search\\users.js","statementMap":{"0":{"start":{"line":1,"column":21},"end":{"line":352,"column":1}}},"fnMap":{},"branchMap":{},"s":{"0":0},"f":{},"b":{}}
}
